<?xml version="1.0" encoding="UTF-8"?>
<!-- Generated by org.testng.reporters.JUnitReportReporter -->
<testsuite hostname="DESKTOP-U6AJNHL" failures="0" tests="1" name="linkedinn.Testclass" time="0.007" errors="0" timestamp="2022-09-11T01:15:35 GMT-07:00" skipped="0">
  <testcase classname="linkedinn.Testclass" name="test" time="0.007"/>
  <system-out/>
</testsuite> <!-- linkedinn.Testclass -->
