<?xml version="1.0" encoding="UTF-8"?>
<!-- Generated by org.testng.reporters.JUnitReportReporter -->
<testsuite hostname="DESKTOP-U6AJNHL" failures="0" tests="4" name="linkedinn.Testng2" time="115.772" errors="0" timestamp="2022-09-29T08:02:13 GMT-07:00" skipped="0">
  <testcase classname="linkedinn.Testng2" name="verifyclickOnEvents" time="36.108"/>
  <system-out/>
  <testcase classname="linkedinn.Testng2" name="verifyclickOnEvents" time="25.741"/>
  <system-out/>
  <testcase classname="linkedinn.Testng2" name="verifyclickOnGroups" time="24.094"/>
  <system-out/>
  <testcase classname="linkedinn.Testng2" name="verifyclickOnGroups" time="29.829"/>
  <system-out/>
</testsuite> <!-- linkedinn.Testng2 -->
